# JRE version: Java(TM) SE Runtime Environment (23.0.2+7) (build 23.0.2+7-58)
# Java VM: Java HotSpot(TM) 64-Bit Server VM (23.0.2+7-58, mixed mode, sharing, tiered, compressed oops, compressed class ptrs, g1 gc, windows-amd64)
GC Precious Log:
 CardTable entry size: 512
 Card Set container configuration: InlinePtr #cards 4 size 8 Array Of Cards #cards 16 size 48 Howl #buckets 8 coarsen threshold 3686 Howl Bitmap #cards 512 size 80 coarsen threshold 460 Card regions per heap region 1 cards per card region 4096
 CPUs: 4 total, 4 available
 Memory: 16264M
 Large Page Support: Disabled
 NUMA Support: Disabled
 Compressed Oops: Enabled (Zero based)
 Heap Region Size: 2M
 Heap Min Capacity: 8M
 Heap Initial Capacity: 256M
 Heap Max Capacity: 4068M
 Pre-touch: Disabled
 Parallel Workers: 4
 Concurrent Workers: 1
 Concurrent Refinement Workers: 4
 Periodic GC: Disabled
Heap:
 garbage-first heap   total reserved 4165632K, committed 75776K, used 40561K [0x0000000701c00000, 0x0000000800000000)
  region size 2048K, 8 young (16384K), 1 survivors (2048K)
 Metaspace       used 28610K, committed 28928K, reserved 1114112K
  class space    used 3417K, committed 3520K, reserved 1048576K
GC Heap History (20 events):
Event: 4.013 GC heap before
{Heap before GC invocations=1 (full 0):
 garbage-first heap   total reserved 4165632K, committed 262144K, used 15551K [0x0000000701c00000, 0x0000000800000000)
  region size 2048K, 7 young (14336K), 1 survivors (2048K)
 Metaspace       used 6043K, committed 6208K, reserved 1114112K
  class space    used 740K, committed 768K, reserved 1048576K
}
Event: 4.017 GC heap after
{Heap after GC invocations=2 (full 0):
 garbage-first heap   total reserved 4165632K, committed 262144K, used 4309K [0x0000000701c00000, 0x0000000800000000)
  region size 2048K, 1 young (2048K), 1 survivors (2048K)
 Metaspace       used 6043K, committed 6208K, reserved 1114112K
  class space    used 740K, committed 768K, reserved 1048576K
}
Event: 8.593 GC heap before
{Heap before GC invocations=2 (full 0):
 garbage-first heap   total reserved 4165632K, committed 262144K, used 37077K [0x0000000701c00000, 0x0000000800000000)
  region size 2048K, 18 young (36864K), 1 survivors (2048K)
 Metaspace       used 11404K, committed 11648K, reserved 1114112K
  class space    used 1414K, committed 1536K, reserved 1048576K
}
Event: 8.598 GC heap after
{Heap after GC invocations=3 (full 0):
 garbage-first heap   total reserved 4165632K, committed 262144K, used 6405K [0x0000000701c00000, 0x0000000800000000)
  region size 2048K, 2 young (4096K), 2 survivors (4096K)
 Metaspace       used 11404K, committed 11648K, reserved 1114112K
  class space    used 1414K, committed 1536K, reserved 1048576K
}
Event: 12.551 GC heap before
{Heap before GC invocations=3 (full 0):
 garbage-first heap   total reserved 4165632K, committed 262144K, used 47365K [0x0000000701c00000, 0x0000000800000000)
  region size 2048K, 22 young (45056K), 2 survivors (4096K)
 Metaspace       used 15403K, committed 15616K, reserved 1114112K
  class space    used 1883K, committed 1984K, reserved 1048576K
}
Event: 12.564 GC heap after
{Heap after GC invocations=4 (full 0):
 garbage-first heap   total reserved 4165632K, committed 262144K, used 12436K [0x0000000701c00000, 0x0000000800000000)
  region size 2048K, 3 young (6144K), 3 survivors (6144K)
 Metaspace       used 15403K, committed 15616K, reserved 1114112K
  class space    used 1883K, committed 1984K, reserved 1048576K
}
Event: 16.093 GC heap before
{Heap before GC invocations=4 (full 0):
 garbage-first heap   total reserved 4165632K, committed 262144K, used 53396K [0x0000000701c00000, 0x0000000800000000)
  region size 2048K, 24 young (49152K), 3 survivors (6144K)
 Metaspace       used 16035K, committed 16320K, reserved 1114112K
  class space    used 1919K, committed 2048K, reserved 1048576K
}
Event: 16.105 GC heap after
{Heap after GC invocations=5 (full 0):
 garbage-first heap   total reserved 4165632K, committed 262144K, used 16398K [0x0000000701c00000, 0x0000000800000000)
  region size 2048K, 2 young (4096K), 2 survivors (4096K)
 Metaspace       used 16035K, committed 16320K, reserved 1114112K
  class space    used 1919K, committed 2048K, reserved 1048576K
}
Event: 21.438 GC heap before
{Heap before GC invocations=5 (full 0):
 garbage-first heap   total reserved 4165632K, committed 262144K, used 81934K [0x0000000701c00000, 0x0000000800000000)
  region size 2048K, 34 young (69632K), 2 survivors (4096K)
 Metaspace       used 19587K, committed 19840K, reserved 1114112K
  class space    used 2442K, committed 2560K, reserved 1048576K
}
Event: 21.447 GC heap after
{Heap after GC invocations=6 (full 0):
 garbage-first heap   total reserved 4165632K, committed 262144K, used 20380K [0x0000000701c00000, 0x0000000800000000)
  region size 2048K, 4 young (8192K), 4 survivors (8192K)
 Metaspace       used 19587K, committed 19840K, reserved 1114112K
  class space    used 2442K, committed 2560K, reserved 1048576K
}
Event: 23.889 GC heap before
{Heap before GC invocations=6 (full 0):
 garbage-first heap   total reserved 4165632K, committed 262144K, used 44956K [0x0000000701c00000, 0x0000000800000000)
  region size 2048K, 17 young (34816K), 4 survivors (8192K)
 Metaspace       used 21241K, committed 21504K, reserved 1114112K
  class space    used 2600K, committed 2752K, reserved 1048576K
}
Event: 23.898 GC heap after
{Heap after GC invocations=7 (full 0):
 garbage-first heap   total reserved 4165632K, committed 262144K, used 21973K [0x0000000701c00000, 0x0000000800000000)
  region size 2048K, 3 young (6144K), 3 survivors (6144K)
 Metaspace       used 21241K, committed 21504K, reserved 1114112K
  class space    used 2600K, committed 2752K, reserved 1048576K
}
Event: 29.855 GC heap before
{Heap before GC invocations=8 (full 0):
 garbage-first heap   total reserved 4165632K, committed 75776K, used 60885K [0x0000000701c00000, 0x0000000800000000)
  region size 2048K, 22 young (45056K), 3 survivors (6144K)
 Metaspace       used 27796K, committed 28096K, reserved 1114112K
  class space    used 3411K, committed 3520K, reserved 1048576K
}
Event: 29.869 GC heap after
{Heap after GC invocations=9 (full 0):
 garbage-first heap   total reserved 4165632K, committed 75776K, used 26548K [0x0000000701c00000, 0x0000000800000000)
  region size 2048K, 3 young (6144K), 3 survivors (6144K)
 Metaspace       used 27796K, committed 28096K, reserved 1114112K
  class space    used 3411K, committed 3520K, reserved 1048576K
}
Event: 34.461 GC heap before
{Heap before GC invocations=9 (full 0):
 garbage-first heap   total reserved 4165632K, committed 75776K, used 59316K [0x0000000701c00000, 0x0000000800000000)
  region size 2048K, 19 young (38912K), 3 survivors (6144K)
 Metaspace       used 28119K, committed 28416K, reserved 1114112K
  class space    used 3412K, committed 3520K, reserved 1048576K
}
Event: 34.478 GC heap after
{Heap after GC invocations=10 (full 0):
 garbage-first heap   total reserved 4165632K, committed 75776K, used 27819K [0x0000000701c00000, 0x0000000800000000)
  region size 2048K, 1 young (2048K), 1 survivors (2048K)
 Metaspace       used 28119K, committed 28416K, reserved 1114112K
  class space    used 3412K, committed 3520K, reserved 1048576K
}
Event: 39.305 GC heap before
{Heap before GC invocations=10 (full 0):
 garbage-first heap   total reserved 4165632K, committed 75776K, used 62635K [0x0000000701c00000, 0x0000000800000000)
  region size 2048K, 18 young (36864K), 1 survivors (2048K)
 Metaspace       used 28338K, committed 28608K, reserved 1114112K
  class space    used 3412K, committed 3520K, reserved 1048576K
}
Event: 39.309 GC heap after
{Heap after GC invocations=11 (full 0):
 garbage-first heap   total reserved 4165632K, committed 75776K, used 27575K [0x0000000701c00000, 0x0000000800000000)
  region size 2048K, 1 young (2048K), 1 survivors (2048K)
 Metaspace       used 28338K, committed 28608K, reserved 1114112K
  class space    used 3412K, committed 3520K, reserved 1048576K
}
Event: 45.182 GC heap before
{Heap before GC invocations=11 (full 0):
 garbage-first heap   total reserved 4165632K, committed 75776K, used 64439K [0x0000000701c00000, 0x0000000800000000)
  region size 2048K, 19 young (38912K), 1 survivors (2048K)
 Metaspace       used 28515K, committed 28800K, reserved 1114112K
  class space    used 3414K, committed 3520K, reserved 1048576K
}
Event: 45.187 GC heap after
{Heap after GC invocations=12 (full 0):
 garbage-first heap   total reserved 4165632K, committed 75776K, used 28273K [0x0000000701c00000, 0x0000000800000000)
  region size 2048K, 1 young (2048K), 1 survivors (2048K)
 Metaspace       used 28515K, committed 28800K, reserved 1114112K
  class space    used 3414K, committed 3520K, reserved 1048576K
}

